<?xml version="1.0" encoding="UTF-8"?>
<testsuite name="test.MS1Tests.US2Tests" tests="3" skipped="0" failures="0" errors="0" timestamp="2023-12-06T07:43:19" hostname="Tharuns-MacBook-Pro.local" time="0.008">
  <properties/>
  <testcase name="testFileReading()" classname="test.MS1Tests.US2Tests" time="0.002"/>
  <testcase name="testRecipeFileExists()" classname="test.MS1Tests.US2Tests" time="0.002"/>
  <testcase name="testConnectToDB()" classname="test.MS1Tests.US2Tests" time="0.001"/>
  <system-out><![CDATA[]]></system-out>
  <system-err><![CDATA[]]></system-err>
</testsuite>
