<?xml version="1.0" encoding="UTF-8"?>
<testsuite name="test.MS1Tests.US4Tests" tests="1" skipped="0" failures="0" errors="0" timestamp="2023-12-06T05:14:46" hostname="Aaryas-MacBook-Pro-2.local" time="4.329">
  <properties/>
  <testcase name="testEdit()" classname="test.MS1Tests.US4Tests" time="4.329"/>
  <system-out><![CDATA[]]></system-out>
  <system-err><![CDATA[]]></system-err>
</testsuite>
