<?xml version="1.0" encoding="UTF-8"?>
<testsuite name="test.MS1Tests.US2Tests" tests="3" skipped="0" failures="0" errors="0" timestamp="2023-12-04T04:14:58" hostname="Samuels-MacBook-Air-3.local" time="0.005">
  <properties/>
  <testcase name="testFileReading()" classname="test.MS1Tests.US2Tests" time="0.002"/>
  <testcase name="testRecipeFileExists()" classname="test.MS1Tests.US2Tests" time="0.001"/>
  <testcase name="testConnectToDB()" classname="test.MS1Tests.US2Tests" time="0.001"/>
  <system-out><![CDATA[]]></system-out>
  <system-err><![CDATA[]]></system-err>
</testsuite>
