<?xml version="1.0" encoding="UTF-8"?>
<testsuite name="test.MS2Tests.ScenarioTest3" tests="1" skipped="0" failures="0" errors="0" timestamp="2023-12-06T07:38:43" hostname="DESKTOP-FSQ252S" time="0.031">
  <properties/>
  <testcase name="testScenario()" classname="test.MS2Tests.ScenarioTest3" time="0.031"/>
  <system-out><![CDATA[http://localhost:8100/test/
Error: java.net.ConnectException: Connection refused: connect
Server started on port 8100
http://localhost:8100/test/
Received: Invalid GET Request

]]></system-out>
  <system-err><![CDATA[]]></system-err>
</testsuite>
