<?xml version="1.0" encoding="UTF-8"?>
<testsuite name="test.MS2Tests.MS2US3Test" tests="1" skipped="0" failures="0" errors="0" timestamp="2023-12-06T06:29:39" hostname="Tharuns-MacBook-Pro.local" time="0.001">
  <properties/>
  <testcase name="testRefresh()" classname="test.MS2Tests.MS2US3Test" time="0.001"/>
  <system-out><![CDATA[]]></system-out>
  <system-err><![CDATA[]]></system-err>
</testsuite>
