<?xml version="1.0" encoding="UTF-8"?>
<testsuite name="test.MS1Tests.GenerateRecipeTest" tests="2" skipped="0" failures="0" errors="0" timestamp="2023-12-06T07:43:17" hostname="Tharuns-MacBook-Pro.local" time="2.031">
  <properties/>
  <testcase name="testWhisperTask2()" classname="test.MS1Tests.GenerateRecipeTest" time="2.026"/>
  <testcase name="testGenerateRecipe()" classname="test.MS1Tests.GenerateRecipeTest" time="0.004"/>
  <system-out><![CDATA[Transcription Result: 
Breakfast.
Transcription Result: 
Breakfast.
]]></system-out>
  <system-err><![CDATA[]]></system-err>
</testsuite>
