<?xml version="1.0" encoding="UTF-8"?>
<testsuite name="test.US4Tests" tests="1" skipped="0" failures="0" errors="0" timestamp="2023-11-28T09:16:21" hostname="DESKTOP-FSQ252S" time="3.411">
  <properties/>
  <testcase name="testEdit()" classname="test.US4Tests" time="3.411"/>
  <system-out><![CDATA[]]></system-out>
  <system-err><![CDATA[]]></system-err>
</testsuite>
