<?xml version="1.0" encoding="UTF-8"?>
<testsuite name="test.EditRecipeTest" tests="1" skipped="0" failures="0" errors="0" timestamp="2023-11-28T09:16:12" hostname="DESKTOP-FSQ252S" time="0.001">
  <properties/>
  <testcase name="testEditRecipe()" classname="test.EditRecipeTest" time="0.001"/>
  <system-out><![CDATA[]]></system-out>
  <system-err><![CDATA[]]></system-err>
</testsuite>
