<?xml version="1.0" encoding="UTF-8"?>
<testsuite name="test.MS1Tests.GenerateRecipeTest" tests="2" skipped="0" failures="0" errors="0" timestamp="2023-12-06T07:04:25" hostname="DESKTOP-FSQ252S" time="0.008">
  <properties/>
  <testcase name="testWhisperTask2()" classname="test.MS1Tests.GenerateRecipeTest" time="0.003"/>
  <testcase name="testGenerateRecipe()" classname="test.MS1Tests.GenerateRecipeTest" time="0.005"/>
  <system-out><![CDATA[]]></system-out>
  <system-err><![CDATA[]]></system-err>
</testsuite>
