<?xml version="1.0" encoding="UTF-8"?>
<testsuite name="test.DeleteRecipeTest" tests="1" skipped="0" failures="0" errors="0" timestamp="2023-11-13T07:25:31" hostname="Samuels-MacBook-Air-3.local" time="0.009">
  <properties/>
  <testcase name="testDeleteRecipe()" classname="test.DeleteRecipeTest" time="0.009"/>
  <system-out><![CDATA[]]></system-out>
  <system-err><![CDATA[]]></system-err>
</testsuite>
