<?xml version="1.0" encoding="UTF-8"?>
<testsuite name="test.US1Tests" tests="2" skipped="0" failures="0" errors="0" timestamp="2023-11-13T07:25:32" hostname="Samuels-MacBook-Air-3.local" time="0.008">
  <properties/>
  <testcase name="testWhisperTask2()" classname="test.US1Tests" time="0.001"/>
  <testcase name="testGenerateRecipe()" classname="test.US1Tests" time="0.006"/>
  <system-out><![CDATA[]]></system-out>
  <system-err><![CDATA[]]></system-err>
</testsuite>
