<?xml version="1.0" encoding="UTF-8"?>
<testsuite name="test.US2Tests" tests="3" skipped="0" failures="0" errors="0" timestamp="2023-11-28T09:16:13" hostname="DESKTOP-FSQ252S" time="0.002">
  <properties/>
  <testcase name="testFileReading()" classname="test.US2Tests" time="0.001"/>
  <testcase name="testRecipeFileExists()" classname="test.US2Tests" time="0.0"/>
  <testcase name="testConnectToDB()" classname="test.US2Tests" time="0.0"/>
  <system-out><![CDATA[]]></system-out>
  <system-err><![CDATA[]]></system-err>
</testsuite>
