<?xml version="1.0" encoding="UTF-8"?>
<testsuite name="test.MS2Tests.US4Testing" tests="2" skipped="0" failures="0" errors="0" timestamp="2023-12-06T03:46:25" hostname="Josues-Air" time="0.026">
  <properties/>
  <testcase name="testServerNotRunning()" classname="test.MS2Tests.US4Testing" time="0.003"/>
  <testcase name="testServerRunning()" classname="test.MS2Tests.US4Testing" time="0.023"/>
  <system-out><![CDATA[http://localhost:8100/
Error: java.net.ConnectException: Connection refused
Server started on port 8100
http://localhost:8100/
Received: Invalid GET Request

]]></system-out>
  <system-err><![CDATA[]]></system-err>
</testsuite>
