<?xml version="1.0" encoding="UTF-8"?>
<testsuite name="test.MS2Tests.MS2US2Test" tests="1" skipped="0" failures="0" errors="0" timestamp="2023-12-06T07:05:00" hostname="DESKTOP-FSQ252S" time="0.001">
  <properties/>
  <testcase name="testGenerateImage()" classname="test.MS2Tests.MS2US2Test" time="0.001"/>
  <system-out><![CDATA[]]></system-out>
  <system-err><![CDATA[]]></system-err>
</testsuite>
