<?xml version="1.0" encoding="UTF-8"?>
<testsuite name="test.MS2Tests.ScenarioTest1" tests="1" skipped="0" failures="0" errors="0" timestamp="2023-12-06T05:14:54" hostname="Aaryas-MacBook-Pro-2.local" time="0.0">
  <properties/>
  <testcase name="MS2ScenarioTest1()" classname="test.MS2Tests.ScenarioTest1" time="0.0"/>
  <system-out><![CDATA[]]></system-out>
  <system-err><![CDATA[]]></system-err>
</testsuite>
