<?xml version="1.0" encoding="UTF-8"?>
<testsuite name="test.MS2Tests.RefreshRecipeTest" tests="1" skipped="0" failures="0" errors="0" timestamp="2023-12-03T08:21:28" hostname="Samuels-MacBook-Air-3.local" time="0.0">
  <properties/>
  <testcase name="testRefreshRecipe()" classname="test.MS2Tests.RefreshRecipeTest" time="0.0"/>
  <system-out><![CDATA[]]></system-out>
  <system-err><![CDATA[]]></system-err>
</testsuite>
