<?xml version="1.0" encoding="UTF-8"?>
<testsuite name="test.MS2Tests.US6Testing" tests="3" skipped="0" failures="0" errors="0" timestamp="2023-12-06T07:38:07" hostname="DESKTOP-FSQ252S" time="0.013">
  <properties/>
  <testcase name="testSortName()" classname="test.MS2Tests.US6Testing" time="0.012"/>
  <testcase name="testSortTime1()" classname="test.MS2Tests.US6Testing" time="0.001"/>
  <testcase name="testSortTime2()" classname="test.MS2Tests.US6Testing" time="0.0"/>
  <system-out><![CDATA[]]></system-out>
  <system-err><![CDATA[]]></system-err>
</testsuite>
