<?xml version="1.0" encoding="UTF-8"?>
<<<<<<< HEAD
<testsuite name="test.MS1Tests.US1Tests" tests="2" skipped="0" failures="0" errors="0" timestamp="2023-12-06T06:28:56" hostname="Tharuns-MacBook-Pro.local" time="0.008">
  <properties/>
  <testcase name="testWhisperTask2()" classname="test.MS1Tests.US1Tests" time="0.001"/>
  <testcase name="testGenerateRecipe()" classname="test.MS1Tests.US1Tests" time="0.006"/>
=======
<testsuite name="test.MS1Tests.US1Tests" tests="2" skipped="0" failures="0" errors="0" timestamp="2023-12-06T06:18:34" hostname="Josues-Air" time="0.007">
  <properties/>
  <testcase name="testWhisperTask2()" classname="test.MS1Tests.US1Tests" time="0.002"/>
  <testcase name="testGenerateRecipe()" classname="test.MS1Tests.US1Tests" time="0.005"/>
>>>>>>> 827af6c338a547a926e3b138eea045d8521a2254
  <system-out><![CDATA[]]></system-out>
  <system-err><![CDATA[]]></system-err>
</testsuite>
