<?xml version="1.0" encoding="UTF-8"?>
<testsuite name="test.US4Tests" tests="1" skipped="0" failures="0" errors="0" timestamp="2023-11-13T07:01:53" hostname="Samuels-MacBook-Air-3.local" time="3.596">
  <properties/>
  <testcase name="testEdit()" classname="test.US4Tests" time="3.596"/>
  <system-out><![CDATA[]]></system-out>
  <system-err><![CDATA[]]></system-err>
</testsuite>
