<?xml version="1.0" encoding="UTF-8"?>
<<<<<<< HEAD
<testsuite name="test.MS2Tests.ShareTest" tests="2" skipped="0" failures="0" errors="0" timestamp="2023-12-06T06:29:39" hostname="Tharuns-MacBook-Pro.local" time="0.002">
  <properties/>
  <testcase name="testValidShare()" classname="test.MS2Tests.ShareTest" time="0.0"/>
  <testcase name="testInvalidShare()" classname="test.MS2Tests.ShareTest" time="0.001"/>
=======
<testsuite name="test.MS2Tests.ShareTest" tests="2" skipped="0" failures="0" errors="0" timestamp="2023-12-06T06:18:37" hostname="Josues-Air" time="0.0">
  <properties/>
  <testcase name="testValidShare()" classname="test.MS2Tests.ShareTest" time="0.0"/>
  <testcase name="testInvalidShare()" classname="test.MS2Tests.ShareTest" time="0.0"/>
>>>>>>> 827af6c338a547a926e3b138eea045d8521a2254
  <system-out><![CDATA[]]></system-out>
  <system-err><![CDATA[]]></system-err>
</testsuite>
