<?xml version="1.0" encoding="UTF-8"?>
<testsuite name="test.MS2Tests.MS2US5Test" tests="2" skipped="0" failures="0" errors="0" timestamp="2023-12-06T06:18:37" hostname="Josues-Air" time="0.001">
  <properties/>
  <testcase name="testFilterDinner()" classname="test.MS2Tests.MS2US5Test" time="0.001"/>
  <testcase name="testFilterBreakfast()" classname="test.MS2Tests.MS2US5Test" time="0.0"/>
  <system-out><![CDATA[]]></system-out>
  <system-err><![CDATA[]]></system-err>
</testsuite>
