<?xml version="1.0" encoding="UTF-8"?>
<testsuite name="test.MS1Tests.EditRecipeTest" tests="1" skipped="0" failures="0" errors="0" timestamp="2023-12-06T07:43:17" hostname="Tharuns-MacBook-Pro.local" time="0.003">
  <properties/>
  <testcase name="testEditRecipe()" classname="test.MS1Tests.EditRecipeTest" time="0.003"/>
  <system-out><![CDATA[]]></system-out>
  <system-err><![CDATA[]]></system-err>
</testsuite>
