<?xml version="1.0" encoding="UTF-8"?>
<<<<<<< HEAD
<testsuite name="test.MS2Tests.ScenarioTest1" tests="1" skipped="0" failures="0" errors="0" timestamp="2023-12-06T06:29:39" hostname="Tharuns-MacBook-Pro.local" time="0.0">
=======
<testsuite name="test.MS2Tests.ScenarioTest1" tests="1" skipped="0" failures="0" errors="0" timestamp="2023-12-06T06:18:37" hostname="Josues-Air" time="0.0">
>>>>>>> 827af6c338a547a926e3b138eea045d8521a2254
  <properties/>
  <testcase name="MS2ScenarioTest1()" classname="test.MS2Tests.ScenarioTest1" time="0.0"/>
  <system-out><![CDATA[]]></system-out>
  <system-err><![CDATA[]]></system-err>
</testsuite>
