<?xml version="1.0" encoding="UTF-8"?>
<<<<<<< HEAD
<testsuite name="test.MS2Tests.ScenarioTest1" tests="1" skipped="0" failures="0" errors="0" timestamp="2023-12-06T07:44:01" hostname="Tharuns-MacBook-Pro.local" time="0.001">
=======
<testsuite name="test.MS2Tests.ScenarioTest1" tests="1" skipped="0" failures="0" errors="0" timestamp="2023-12-06T07:38:43" hostname="DESKTOP-FSQ252S" time="0.001">
>>>>>>> 3283d4a458047e18faba5dee68b5d1b870f7fb9d
  <properties/>
  <testcase name="MS2ScenarioTest1()" classname="test.MS2Tests.ScenarioTest1" time="0.001"/>
  <system-out><![CDATA[]]></system-out>
  <system-err><![CDATA[]]></system-err>
</testsuite>
