<?xml version="1.0" encoding="UTF-8"?>
<testsuite name="test.MS2Tests.LoginTest" tests="2" skipped="0" failures="0" errors="0" timestamp="2023-12-04T04:15:14" hostname="Samuels-MacBook-Air-3.local" time="0.006">
  <properties/>
  <testcase name="testValidUser()" classname="test.MS2Tests.LoginTest" time="0.001"/>
  <testcase name="testCreateUser()" classname="test.MS2Tests.LoginTest" time="0.005"/>
  <system-out><![CDATA[]]></system-out>
  <system-err><![CDATA[]]></system-err>
</testsuite>
