<?xml version="1.0" encoding="UTF-8"?>
<testsuite name="test.MS2US1Test" tests="1" skipped="0" failures="0" errors="0" timestamp="2023-12-03T08:21:12" hostname="Samuels-MacBook-Air-3.local" time="0.007">
  <properties/>
  <testcase name="testCreateUser()" classname="test.MS2US1Test" time="0.007"/>
  <system-out><![CDATA[]]></system-out>
  <system-err><![CDATA[]]></system-err>
</testsuite>
