<?xml version="1.0" encoding="UTF-8"?>
<testsuite name="test.MS2Tests.MS2US1Test" tests="1" skipped="0" failures="0" errors="0" timestamp="2023-12-06T03:46:25" hostname="Josues-Air" time="0.001">
  <properties/>
  <testcase name="testCreateUser()" classname="test.MS2Tests.MS2US1Test" time="0.001"/>
  <system-out><![CDATA[]]></system-out>
  <system-err><![CDATA[]]></system-err>
</testsuite>
