<?xml version="1.0" encoding="UTF-8"?>
<<<<<<< HEAD
<testsuite name="test.MS1Tests.GenerateRecipeTest" tests="2" skipped="0" failures="0" errors="0" timestamp="2023-12-06T06:32:40" hostname="DESKTOP-FSQ252S" time="0.021">
  <properties/>
  <testcase name="testWhisperTask2()" classname="test.MS1Tests.GenerateRecipeTest" time="0.015"/>
  <testcase name="testGenerateRecipe()" classname="test.MS1Tests.GenerateRecipeTest" time="0.006"/>
  <system-out><![CDATA[]]></system-out>
=======
<testsuite name="test.MS1Tests.GenerateRecipeTest" tests="2" skipped="0" failures="0" errors="0" timestamp="2023-12-06T03:45:46" hostname="Josues-Air" time="0.645">
  <properties/>
  <testcase name="testWhisperTask2()" classname="test.MS1Tests.GenerateRecipeTest" time="0.638"/>
  <testcase name="testGenerateRecipe()" classname="test.MS1Tests.GenerateRecipeTest" time="0.005"/>
  <system-out><![CDATA[Error Result: {  "error": {    "message": "Invalid file format. Supported formats: ['flac', 'm4a', 'mp3', 'mp4', 'mpeg', 'mpga', 'oga', 'ogg', 'wav', 'webm']",    "type": "invalid_request_error",    "param": null,    "code": null  }}
Error Result: {  "error": {    "message": "Invalid file format. Supported formats: ['flac', 'm4a', 'mp3', 'mp4', 'mpeg', 'mpga', 'oga', 'ogg', 'wav', 'webm']",    "type": "invalid_request_error",    "param": null,    "code": null  }}
]]></system-out>
>>>>>>> 630a283897b215368c7602371c7a165f92decec6
  <system-err><![CDATA[]]></system-err>
</testsuite>
