<?xml version="1.0" encoding="UTF-8"?>
<<<<<<< HEAD
<testsuite name="test.MS2Tests.MS2US5Test" tests="2" skipped="0" failures="0" errors="0" timestamp="2023-12-06T06:29:39" hostname="Tharuns-MacBook-Pro.local" time="0.005">
  <properties/>
  <testcase name="testFilterDinner()" classname="test.MS2Tests.MS2US5Test" time="0.004"/>
  <testcase name="testFilterBreakfast()" classname="test.MS2Tests.MS2US5Test" time="0.001"/>
=======
<testsuite name="test.MS2Tests.MS2US5Test" tests="2" skipped="0" failures="0" errors="0" timestamp="2023-12-06T06:18:37" hostname="Josues-Air" time="0.001">
  <properties/>
  <testcase name="testFilterDinner()" classname="test.MS2Tests.MS2US5Test" time="0.001"/>
  <testcase name="testFilterBreakfast()" classname="test.MS2Tests.MS2US5Test" time="0.0"/>
>>>>>>> 827af6c338a547a926e3b138eea045d8521a2254
  <system-out><![CDATA[]]></system-out>
  <system-err><![CDATA[]]></system-err>
</testsuite>
