<?xml version="1.0" encoding="UTF-8"?>
<testsuite name="test.java.GenerateRecipeTest" tests="2" skipped="0" failures="0" errors="0" timestamp="2023-11-11T22:57:39" hostname="ARIAN-XPS-13" time="1.324">
  <properties/>
  <testcase name="testWhisperTask2()" classname="test.java.GenerateRecipeTest" time="1.31"/>
  <testcase name="testGenerateRecipe()" classname="test.java.GenerateRecipeTest" time="0.012"/>
  <system-out><![CDATA[Error Result: {  "error": {    "message": "Invalid file format. Supported formats: ['flac', 'm4a', 'mp3', 'mp4', 'mpeg', 'mpga', 'oga', 'ogg', 'wav', 'webm']",    "type": "invalid_request_error",    "param": null,    "code": null  }}
Error Result: {  "error": {    "message": "Invalid file format. Supported formats: ['flac', 'm4a', 'mp3', 'mp4', 'mpeg', 'mpga', 'oga', 'ogg', 'wav', 'webm']",    "type": "invalid_request_error",    "param": null,    "code": null  }}
]]></system-out>
  <system-err><![CDATA[]]></system-err>
</testsuite>
