<?xml version="1.0" encoding="UTF-8"?>
<testsuite name="test.MS2Tests.ShareTest" tests="2" skipped="0" failures="0" errors="0" timestamp="2023-12-06T05:15:24" hostname="DESKTOP-FSQ252S" time="0.0">
  <properties/>
  <testcase name="testValidShare()" classname="test.MS2Tests.ShareTest" time="0.0"/>
  <testcase name="testInvalidShare()" classname="test.MS2Tests.ShareTest" time="0.0"/>
  <system-out><![CDATA[]]></system-out>
  <system-err><![CDATA[]]></system-err>
</testsuite>
