<?xml version="1.0" encoding="UTF-8"?>
<testsuite name="test.MS1Tests.DeleteRecipeTest" tests="1" skipped="0" failures="0" errors="0" timestamp="2023-12-06T06:18:33" hostname="Josues-Air" time="0.0">
  <properties/>
  <testcase name="testDeleteRecipe()" classname="test.MS1Tests.DeleteRecipeTest" time="0.0"/>
  <system-out><![CDATA[]]></system-out>
  <system-err><![CDATA[]]></system-err>
</testsuite>
