<?xml version="1.0" encoding="UTF-8"?>
<testsuite name="test.MS2Tests.ShareTest" tests="2" skipped="0" failures="0" errors="0" timestamp="2023-12-06T08:05:25" hostname="Tharuns-MacBook-Pro.local" time="0.003">
  <properties/>
  <testcase name="testValidShare()" classname="test.MS2Tests.ShareTest" time="0.002"/>
  <testcase name="testInvalidShare()" classname="test.MS2Tests.ShareTest" time="0.001"/>
  <system-out><![CDATA[]]></system-out>
  <system-err><![CDATA[]]></system-err>
</testsuite>
