<?xml version="1.0" encoding="UTF-8"?>
<testsuite name="test.MS1Tests.EditRecipeTest" tests="1" skipped="0" failures="0" errors="0" timestamp="2023-12-06T03:45:46" hostname="Josues-Air" time="0.0">
  <properties/>
  <testcase name="testEditRecipe()" classname="test.MS1Tests.EditRecipeTest" time="0.0"/>
  <system-out><![CDATA[]]></system-out>
  <system-err><![CDATA[]]></system-err>
</testsuite>
