<?xml version="1.0" encoding="UTF-8"?>
<testsuite name="test.MS2Tests.US4Testing" tests="2" skipped="0" failures="0" errors="0" timestamp="2023-12-06T07:43:17" hostname="Tharuns-MacBook-Pro.local" time="0.128">
  <properties/>
  <testcase name="testServerNotRunning()" classname="test.MS2Tests.US4Testing" time="0.04"/>
  <testcase name="testServerRunning()" classname="test.MS2Tests.US4Testing" time="0.085"/>
  <system-out><![CDATA[http://localhost:8100/
Error: java.net.ConnectException: Connection refused
Server started on port 8100
http://localhost:8100/
Received: Invalid GET Request

]]></system-out>
  <system-err><![CDATA[]]></system-err>
</testsuite>
