<?xml version="1.0" encoding="UTF-8"?>
<testsuite name="test.US3Tests" tests="2" skipped="0" failures="0" errors="0" timestamp="2023-11-28T09:16:13" hostname="DESKTOP-FSQ252S" time="8.226">
  <properties/>
  <testcase name="testAddRecipes()" classname="test.US3Tests" time="7.118"/>
  <testcase name="testRecipesCount()" classname="test.US3Tests" time="1.108"/>
  <system-out><![CDATA[data added to mongoDB
data added to mongoDB
data added to mongoDB
]]></system-out>
  <system-err><![CDATA[Nov 28, 2023 1:16:13 AM com.mongodb.internal.diagnostics.logging.Loggers shouldUseSLF4J
WARNING: SLF4J not found on the classpath.  Logging is disabled for the 'org.mongodb.driver' component
]]></system-err>
</testsuite>
