<?xml version="1.0" encoding="UTF-8"?>
<testsuite name="test.MS2Tests.MS2US5Test" tests="2" skipped="0" failures="0" errors="0" timestamp="2023-12-06T08:05:25" hostname="Tharuns-MacBook-Pro.local" time="0.003">
  <properties/>
  <testcase name="testFilterDinner()" classname="test.MS2Tests.MS2US5Test" time="0.002"/>
  <testcase name="testFilterBreakfast()" classname="test.MS2Tests.MS2US5Test" time="0.0"/>
  <system-out><![CDATA[]]></system-out>
  <system-err><![CDATA[]]></system-err>
</testsuite>
