<?xml version="1.0" encoding="UTF-8"?>
<testsuite name="test.MS1Tests.US4Tests" tests="1" skipped="0" failures="0" errors="0" timestamp="2023-12-03T08:21:22" hostname="Samuels-MacBook-Air-3.local" time="3.701">
  <properties/>
  <testcase name="testEdit()" classname="test.MS1Tests.US4Tests" time="3.701"/>
  <system-out><![CDATA[]]></system-out>
  <system-err><![CDATA[]]></system-err>
</testsuite>
