<?xml version="1.0" encoding="UTF-8"?>
<testsuite name="test.MS2Tests.US4Testing" tests="2" skipped="0" failures="0" errors="0" timestamp="2023-12-06T07:38:43" hostname="DESKTOP-FSQ252S" time="0.005">
  <properties/>
  <testcase name="testServerNotRunning()" classname="test.MS2Tests.US4Testing" time="0.001"/>
  <testcase name="testServerRunning()" classname="test.MS2Tests.US4Testing" time="0.004"/>
  <system-out><![CDATA[http://localhost:8100/test/
Error: java.net.ConnectException: Connection refused: connect
Server started on port 8100
http://localhost:8100/test/
Received: Invalid GET Request

]]></system-out>
  <system-err><![CDATA[]]></system-err>
</testsuite>
