<?xml version="1.0" encoding="UTF-8"?>
<testsuite name="test.MS1Tests.EditRecipeTest" tests="1" skipped="0" failures="0" errors="0" timestamp="2023-12-04T04:14:58" hostname="Samuels-MacBook-Air-3.local" time="0.001">
  <properties/>
  <testcase name="testEditRecipe()" classname="test.MS1Tests.EditRecipeTest" time="0.001"/>
  <system-out><![CDATA[]]></system-out>
  <system-err><![CDATA[]]></system-err>
</testsuite>
