<?xml version="1.0" encoding="UTF-8"?>
<<<<<<< HEAD
<testsuite name="test.MS1Tests.US4Tests" tests="1" skipped="0" failures="0" errors="0" timestamp="2023-12-06T06:32:48" hostname="DESKTOP-FSQ252S" time="3.493">
  <properties/>
  <testcase name="testEdit()" classname="test.MS1Tests.US4Tests" time="3.493"/>
=======
<testsuite name="test.MS1Tests.US4Tests" tests="1" skipped="0" failures="0" errors="0" timestamp="2023-12-06T03:46:18" hostname="Josues-Air" time="3.956">
  <properties/>
  <testcase name="testEdit()" classname="test.MS1Tests.US4Tests" time="3.956"/>
>>>>>>> 630a283897b215368c7602371c7a165f92decec6
  <system-out><![CDATA[]]></system-out>
  <system-err><![CDATA[]]></system-err>
</testsuite>
