<?xml version="1.0" encoding="UTF-8"?>
<testsuite name="test.US3Tests" tests="2" skipped="0" failures="0" errors="0" timestamp="2023-11-13T07:01:44" hostname="Samuels-MacBook-Air-3.local" time="8.384">
  <properties/>
  <testcase name="testAddRecipes()" classname="test.US3Tests" time="7.253"/>
  <testcase name="testRecipesCount()" classname="test.US3Tests" time="1.129"/>
  <system-out><![CDATA[data added to mongoDB
data added to mongoDB
data added to mongoDB
]]></system-out>
  <system-err><![CDATA[Nov 12, 2023 11:01:44 PM com.mongodb.internal.diagnostics.logging.Loggers shouldUseSLF4J
WARNING: SLF4J not found on the classpath.  Logging is disabled for the 'org.mongodb.driver' component
]]></system-err>
</testsuite>
