<?xml version="1.0" encoding="UTF-8"?>
<testsuite name="test.MS1Tests.US4Tests" tests="1" skipped="0" failures="0" errors="0" timestamp="2023-12-06T07:38:37" hostname="DESKTOP-FSQ252S" time="3.636">
  <properties/>
  <testcase name="testEdit()" classname="test.MS1Tests.US4Tests" time="3.636"/>
  <system-out><![CDATA[]]></system-out>
  <system-err><![CDATA[]]></system-err>
</testsuite>
