<?xml version="1.0" encoding="UTF-8"?>
<<<<<<< HEAD
<testsuite name="test.MS1Tests.EditRecipeTest" tests="1" skipped="0" failures="0" errors="0" timestamp="2023-12-06T06:28:55" hostname="Tharuns-MacBook-Pro.local" time="0.002">
  <properties/>
  <testcase name="testEditRecipe()" classname="test.MS1Tests.EditRecipeTest" time="0.002"/>
=======
<testsuite name="test.MS1Tests.EditRecipeTest" tests="1" skipped="0" failures="0" errors="0" timestamp="2023-12-06T06:18:33" hostname="Josues-Air" time="0.001">
  <properties/>
  <testcase name="testEditRecipe()" classname="test.MS1Tests.EditRecipeTest" time="0.001"/>
>>>>>>> 827af6c338a547a926e3b138eea045d8521a2254
  <system-out><![CDATA[]]></system-out>
  <system-err><![CDATA[]]></system-err>
</testsuite>
