<?xml version="1.0" encoding="UTF-8"?>
<testsuite name="test.US2Tests" tests="3" skipped="0" failures="0" errors="0" timestamp="2023-11-13T06:31:06" hostname="Samuels-MacBook-Air-3.local" time="0.007">
  <properties/>
  <testcase name="testFileReading()" classname="test.US2Tests" time="0.006"/>
  <testcase name="testRecipeFileExists()" classname="test.US2Tests" time="0.0"/>
  <testcase name="testConnectToDB()" classname="test.US2Tests" time="0.0"/>
  <system-out><![CDATA[]]></system-out>
  <system-err><![CDATA[]]></system-err>
</testsuite>
