<?xml version="1.0" encoding="UTF-8"?>
<<<<<<< HEAD
<testsuite name="test.MS1Tests.EditRecipeTest" tests="1" skipped="0" failures="0" errors="0" timestamp="2023-12-06T06:32:40" hostname="DESKTOP-FSQ252S" time="0.001">
=======
<testsuite name="test.MS1Tests.EditRecipeTest" tests="1" skipped="0" failures="0" errors="0" timestamp="2023-12-06T03:45:46" hostname="Josues-Air" time="0.0">
>>>>>>> 630a283897b215368c7602371c7a165f92decec6
  <properties/>
  <testcase name="testEditRecipe()" classname="test.MS1Tests.EditRecipeTest" time="0.0"/>
  <system-out><![CDATA[]]></system-out>
  <system-err><![CDATA[]]></system-err>
</testsuite>
