<?xml version="1.0" encoding="UTF-8"?>
<testsuite name="test.MS1Tests.US1Tests" tests="2" skipped="0" failures="0" errors="0" timestamp="2023-12-06T05:15:09" hostname="DESKTOP-FSQ252S" time="0.005">
  <properties/>
  <testcase name="testWhisperTask2()" classname="test.MS1Tests.US1Tests" time="0.001"/>
  <testcase name="testGenerateRecipe()" classname="test.MS1Tests.US1Tests" time="0.003"/>
  <system-out><![CDATA[]]></system-out>
  <system-err><![CDATA[]]></system-err>
</testsuite>
