<?xml version="1.0" encoding="UTF-8"?>
<testsuite name="test.MS1Tests.US4Tests" tests="1" skipped="0" failures="0" errors="0" timestamp="2023-12-06T06:18:29" hostname="Josues-Air" time="4.448">
  <properties/>
  <testcase name="testEdit()" classname="test.MS1Tests.US4Tests" time="4.448"/>
  <system-out><![CDATA[]]></system-out>
  <system-err><![CDATA[]]></system-err>
</testsuite>
