<?xml version="1.0" encoding="UTF-8"?>
<testsuite name="test.MS1Tests.US1Tests" tests="2" skipped="0" failures="0" errors="0" timestamp="2023-12-04T04:14:58" hostname="Samuels-MacBook-Air-3.local" time="0.009">
  <properties/>
  <testcase name="testWhisperTask2()" classname="test.MS1Tests.US1Tests" time="0.002"/>
  <testcase name="testGenerateRecipe()" classname="test.MS1Tests.US1Tests" time="0.006"/>
  <system-out><![CDATA[]]></system-out>
  <system-err><![CDATA[]]></system-err>
</testsuite>
